[debug] [2023-06-08T05:24:54.990Z] ----------------------------------------------------------------------
[debug] [2023-06-08T05:24:54.992Z] Command:       C:\Program Files\nodejs\node.exe C:\Users\amsoz\AppData\Roaming\npm\node_modules\firebase-tools\lib\bin\firebase.js init
[debug] [2023-06-08T05:24:54.992Z] CLI Version:   12.3.1
[debug] [2023-06-08T05:24:54.993Z] Platform:      win32
[debug] [2023-06-08T05:24:54.993Z] Node Version:  v18.15.0
[debug] [2023-06-08T05:24:54.993Z] Time:          Thu Jun 08 2023 00:24:54 GMT-0500 (Central Daylight Time)
[debug] [2023-06-08T05:24:54.993Z] ----------------------------------------------------------------------
[debug] 
[debug] [2023-06-08T05:24:54.998Z] > command requires scopes: ["email","openid","https://www.googleapis.com/auth/cloudplatformprojects.readonly","https://www.googleapis.com/auth/firebase","https://www.googleapis.com/auth/cloud-platform"]
[debug] [2023-06-08T05:24:54.999Z] > authorizing via signed-in user (ahmedsozzer9@gmail.com)
[info] 
     ######## #### ########  ######## ########     ###     ######  ########
     ##        ##  ##     ## ##       ##     ##  ##   ##  ##       ##
     ######    ##  ########  ######   ########  #########  ######  ######
     ##        ##  ##    ##  ##       ##     ## ##     ##       ## ##
     ##       #### ##     ## ######## ########  ##     ##  ######  ########

You're about to initialize a Firebase project in this directory:

  C:\Users\amsoz\WebstormProjects\WEB1

[info] 
=== Project Setup
[info] 
[info] First, let's associate this project directory with a Firebase project.
[info] You can create multiple project aliases by running firebase use --add, 
[info] but for now we'll just set up a default project.
[info] 
[debug] [2023-06-08T05:25:36.219Z] >>> [apiv2][query] GET https://firebase.googleapis.com/v1beta1/projects pageSize=100
[debug] [2023-06-08T05:25:36.938Z] <<< [apiv2][status] GET https://firebase.googleapis.com/v1beta1/projects 200
[debug] [2023-06-08T05:25:36.938Z] <<< [apiv2][body] GET https://firebase.googleapis.com/v1beta1/projects [omitted]
[info] i  Using project selfieappproj (SelfieAppProj) 
[info] 
=== Hosting Setup
[info] 
[info] Your public directory is the folder (relative to your project directory) that
[info] will contain Hosting assets to be uploaded with firebase deploy. If you
[info] have a build process for your assets, use your build's output directory.
[info] 
[debug] [2023-06-08T05:25:58.647Z] >>> [apiv2][query] GET https://www.gstatic.com/firebasejs/releases.json [none]
[debug] [2023-06-08T05:25:58.830Z] <<< [apiv2][status] GET https://www.gstatic.com/firebasejs/releases.json 200
[debug] [2023-06-08T05:25:58.831Z] <<< [apiv2][body] GET https://www.gstatic.com/firebasejs/releases.json {"current":{"version":"9.22.1","browserURL":"https://www.gstatic.com/firebasejs/9.22.1/firebase.js","packageURL":"https://www.gstatic.com/firebasejs/9.22.1/firebase.tgz"},"live":{"version":"9.22","browserURL":"https://www.gstatic.com/firebasejs/live/9.22/firebase.js","packageURL":"https://www.gstatic.com/firebasejs/live/9.22/firebase.tgz"},"components":{"analytics":"https://www.gstatic.com/firebasejs/9.22.1/firebase-analytics.js","app":"https://www.gstatic.com/firebasejs/9.22.1/firebase-app.js","app-check":"https://www.gstatic.com/firebasejs/9.22.1/firebase-app-check.js","auth":"https://www.gstatic.com/firebasejs/9.22.1/firebase-auth.js","auth/cordova":"https://www.gstatic.com/firebasejs/9.22.1/firebase-auth/cordova.js","auth/react-native":"https://www.gstatic.com/firebasejs/9.22.1/firebase-auth/react-native.js","functions":"https://www.gstatic.com/firebasejs/9.22.1/firebase-functions.js","firestore":"https://www.gstatic.com/firebasejs/9.22.1/firebase-firestore.js","firestore/lite":"https://www.gstatic.com/firebasejs/9.22.1/firebase-firestore/lite.js","installations":"https://www.gstatic.com/firebasejs/9.22.1/firebase-installations.js","storage":"https://www.gstatic.com/firebasejs/9.22.1/firebase-storage.js","performance":"https://www.gstatic.com/firebasejs/9.22.1/firebase-performance.js","remote-config":"https://www.gstatic.com/firebasejs/9.22.1/firebase-remote-config.js","messaging":"https://www.gstatic.com/firebasejs/9.22.1/firebase-messaging.js","messaging/sw":"https://www.gstatic.com/firebasejs/9.22.1/firebase-messaging/sw.js","database":"https://www.gstatic.com/firebasejs/9.22.1/firebase-database.js","firestore.memory":"https://www.gstatic.com/firebasejs/9.22.1/firebase-firestore.memory.js"}}
[info] +  Wrote public/index.html 
[info] 
[info] i  Didn't detect a .git folder. Assuming C:\Users\amsoz\WebstormProjects\WEB1 is the project root. 
[info] i  Authorizing with GitHub to upload your service account to a GitHub repository's secrets store. 
[info] 
[info] Visit this URL on this device to log in:
[info] https://github.com/login/oauth/authorize?client_id=89cf50f02ac6aaed3484&state=485273239&redirect_uri=http%3A%2F%2Flocalhost%3A9005&scope=read%3Auser%20repo%20public_repo
[info] 
[info] Waiting for authentication...
[debug] [2023-06-08T05:25:59.844Z] >>> [apiv2][query] POST https://github.com/login/oauth/access_token [none]
[debug] [2023-06-08T05:25:59.845Z] >>> [apiv2][body] POST https://github.com/login/oauth/access_token [stream]
[debug] [2023-06-08T05:26:00.411Z] <<< [apiv2][status] POST https://github.com/login/oauth/access_token 200
[debug] [2023-06-08T05:26:00.411Z] <<< [apiv2][body] POST https://github.com/login/oauth/access_token {"access_token":"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","token_type":"bearer","scope":"read:user,repo"}
[debug] [2023-06-08T05:26:00.415Z] >>> [apiv2][query] GET https://api.github.com/user [none]
[debug] [2023-06-08T05:26:01.032Z] <<< [apiv2][status] GET https://api.github.com/user 200
[debug] [2023-06-08T05:26:01.032Z] <<< [apiv2][body] GET https://api.github.com/user {"login":"Amsozzer1","id":105675638,"node_id":"U_kgDOBkx7dg","avatar_url":"https://avatars.githubusercontent.com/u/105675638?v=4","gravatar_id":"","url":"https://api.github.com/users/Amsozzer1","html_url":"https://github.com/Amsozzer1","followers_url":"https://api.github.com/users/Amsozzer1/followers","following_url":"https://api.github.com/users/Amsozzer1/following{/other_user}","gists_url":"https://api.github.com/users/Amsozzer1/gists{/gist_id}","starred_url":"https://api.github.com/users/Amsozzer1/starred{/owner}{/repo}","subscriptions_url":"https://api.github.com/users/Amsozzer1/subscriptions","organizations_url":"https://api.github.com/users/Amsozzer1/orgs","repos_url":"https://api.github.com/users/Amsozzer1/repos","events_url":"https://api.github.com/users/Amsozzer1/events{/privacy}","received_events_url":"https://api.github.com/users/Amsozzer1/received_events","type":"User","site_admin":false,"name":"AMSOZZER","company":null,"blog":"","location":null,"email":null,"hireable":true,"bio":"👋 Hello there! I'm Ahmed M Sozzer, a dedicated Computer Science student at UIUC 🎓. I'm passionate about programming and constantly seeking out new challenges.","twitter_username":null,"public_repos":8,"public_gists":0,"followers":1,"following":2,"created_at":"2022-05-16T20:07:16Z","updated_at":"2023-05-30T04:51:18Z","private_gists":1,"total_private_repos":15,"owned_private_repos":15,"disk_usage":3296,"collaborators":0,"two_factor_authentication":false,"plan":{"name":"pro","space":976562499,"collaborators":0,"private_repos":9999}}
[info] 
[info] +  Success! Logged into GitHub as Amsozzer1 
[info] 
